#
# A fatal error has been detected by the Java Runtime Environment:
#
#  EXCEPTION_ACCESS_VIOLATION (0xc0000005) at pc=0x0000000077becff6, pid=14796, tid=14736
#
# JRE version: Java(TM) SE Runtime Environment (14.0.1+7) (build 14.0.1+7)
# Java VM: Java HotSpot(TM) 64-Bit Server VM (14.0.1+7, mixed mode, sharing, tiered, compressed oops, g1 gc, windows-amd64)
# Problematic frame:
# C  [ntdll.dll+0x2cff6]
#
# No core dump will be written. Minidumps are not enabled by default on client versions of Windows
#
# If you would like to submit a bug report, please visit:
#   https://bugreport.java.com/bugreport/crash.jsp
#

---------------  S U M M A R Y ------------

Command Line: -agentlib:jdwp=transport=dt_socket,address=127.0.0.1:10718,suspend=y,server=n -Dfile.encoding=UTF-8 Main

Host: Intel(R) Core(TM) i7-5500U CPU @ 2.40GHz, 4 cores, 7G,  Windows 7 , 64 bit Build 7601 (6.1.7601.24214)
Time: Wed Jul  1 23:47:44 2020 RTZ 2 (ceia) elapsed time: 29 seconds (0d 0h 0m 29s)

---------------  T H R E A D  ---------------

Current thread (0x000000001f3d2800):  VMThread "VM Thread" [stack: 0x00000000227a0000,0x00000000228a0000] [id=14736]

Stack: [0x00000000227a0000,0x00000000228a0000],  sp=0x000000002289f040,  free space=1020k
Native frames: (J=compiled Java code, j=interpreted, Vv=VM code, C=native code)
C  [ntdll.dll+0x2cff6]
C  [igdrcl64.dll+0x904e9]


siginfo: EXCEPTION_ACCESS_VIOLATION (0xc0000005), writing address 0x0000000000000018


Register to memory mapping:

RIP=0x0000000077becff6 ntdll.dll
RAX=0x000007fecc774e00 igdrcl64.dll
RBX=0x000000002289f0c8 points into unknown readable memory: 10 00 00 00 00 00 00 00
RCX=0x0000000000000010 is an unknown value
RDX=0x0000000000000010 is an unknown value
RSP=0x000000002289f040 points into unknown readable memory: 00 00 00 00 00 00 00 00
RBP=0x0 is NULL
RSI=0x00000000235b18b0 points into unknown readable memory: 02 01 00 00 00 00 00 00
RDI=0x0000000023707e10 points into unknown readable memory: 00 4e 77 cc fe 07 00 00
R8 =0x0000000000000038 is an unknown value
R9 =0x000000002289edb8 points into unknown readable memory: f6 1e e5 cc fe 07 00 00
R10=0x0000000023720390 points into unknown readable memory: 50 2e cf 77 00 00 00 00
R11=0x000000002289f0e0 points into unknown readable memory: 50 6f ef 24 00 00 00 00
R12=0x000007fffffd7328 points into unknown readable memory: b0 47 1e 00 00 00 00 00
R13=0x000000000000000c is an unknown value
R14=0x000007feca1757c0 opencv_java430.dll
R15=0x0 is NULL


Registers:
RAX=0x000007fecc774e00, RBX=0x000000002289f0c8, RCX=0x0000000000000010, RDX=0x0000000000000010
RSP=0x000000002289f040, RBP=0x0000000000000000, RSI=0x00000000235b18b0, RDI=0x0000000023707e10
R8 =0x0000000000000038, R9 =0x000000002289edb8, R10=0x0000000023720390, R11=0x000000002289f0e0
R12=0x000007fffffd7328, R13=0x000000000000000c, R14=0x000007feca1757c0, R15=0x0000000000000000
RIP=0x0000000077becff6, EFLAGS=0x0000000000010202

Top of Stack: (sp=0x000000002289f040)
0x000000002289f040:   0000000000000000 0000000000000101
0x000000002289f050:   0000000022717700 0000000000000086
0x000000002289f060:   000000002289f0c8 000007fecc3604e9
0x000000002289f070:   0000000000000000 00000000001af7e1
0x000000002289f080:   000000001f3d7390 0000000033000132
0x000000002289f090:   0000000000000000 000007fecc348868
0x000000002289f0a0:   0000000000000000 0000000000000086
0x000000002289f0b0:   0000000000000000 0000000000000001
0x000000002289f0c0:   fffffffffffffffe 0000000000000010
0x000000002289f0d0:   000052ae0f06f201 0000000022764910
0x000000002289f0e0:   0000000024ef6f50 000007fecc342455
0x000000002289f0f0:   0000000000000002 0000000023707e10
0x000000002289f100:   0000000000000001 000007fecce50000
0x000000002289f110:   0000000000000001 000007fec899d2be
0x000000002289f120:   0000000024d83870 0000000000000001
0x000000002289f130:   0000000077cf2e70 000007fec952c6cb 

Instructions: (pc=0x0000000077becff6)
0x0000000077becef6:   85 9b fb ff ff 45 33 c0 4d 8b 12 41 8b 7a 18 4d
0x0000000077becf06:   8d 62 18 e9 9c f8 ff ff ff 47 14 e9 11 fe ff ff
0x0000000077becf16:   44 8b 49 08 4c 8b d1 41 ff c9 e9 04 fc ff ff 8b
0x0000000077becf26:   4f 08 ff c9 e9 c8 fd ff ff 48 8b 3f 48 3b ef 0f
0x0000000077becf36:   85 2b f9 ff ff e9 5e f9 ff ff 4c 8b 45 00 e9 55
0x0000000077becf46:   f9 ff ff 41 83 7a 0c 00 74 02 03 ed 49 8b 42 30
0x0000000077becf56:   4c 8b 0c e8 49 3b f9 0f 84 fd fc ff ff 85 d2 0f
0x0000000077becf66:   84 a2 6d 05 00 41 8b 41 f8 8b 53 7c 85 d0 0f 84
0x0000000077becf76:   8a 6d 05 00 33 83 88 00 00 00 89 44 24 38 0f b7
0x0000000077becf86:   44 24 38 0f b7 c0 41 8b cb 2b c8 85 c9 0f 8f 7e
0x0000000077becf96:   6d 05 00 4d 8b c1 e9 bf fc ff ff 4b 89 04 fb 44
0x0000000077becfa6:   8b bc 24 a8 00 00 00 e9 3c f7 ff ff 44 8b bc 24
0x0000000077becfb6:   a8 00 00 00 e9 2f f7 ff ff 4c 8b c5 e9 d7 f8 ff
0x0000000077becfc6:   ff 48 8b d5 48 8b cb e8 1e 5a 09 00 84 c0 0f 85
0x0000000077becfd6:   25 f7 ff ff e9 4f 66 05 00 cc cc cc cc cc cc cc
0x0000000077becfe6:   cc cc cc cc cc cc cc cc cc cc 40 53 48 83 ec 20
0x0000000077becff6:   f0 0f ba 71 08 00 48 8b d9 73 20 65 48 8b 04 25
0x0000000077bed006:   30 00 00 00 48 8b 48 48 c7 43 0c 01 00 00 00 33
0x0000000077bed016:   c0 48 89 4b 10 48 83 c4 20 5b c3 65 48 8b 04 25
0x0000000077bed026:   30 00 00 00 48 8b 50 48 48 39 51 10 75 0b ff 41
0x0000000077bed036:   0c 33 c0 48 83 c4 20 5b c3 48 8b 41 20 48 89 6c
0x0000000077bed046:   24 30 48 89 74 24 38 48 0f ba e0 1a 48 89 7c 24
0x0000000077bed056:   40 bd 00 00 00 ff 0f 82 d9 00 00 00 be 01 00 00
0x0000000077bed066:   00 8d 7e 03 4c 8b 43 20 49 8b d0 4c 23 c5 81 e2
0x0000000077bed076:   ff ff ff 00 48 85 d2 75 53 8b 43 08 a8 01 74 2a
0x0000000077bed086:   8b c8 33 ce f0 0f b1 4b 08 75 1b 49 0f ba e0 19
0x0000000077bed096:   72 5c 48 8b 7c 24 40 48 8b 74 24 38 48 8b 6c 24
0x0000000077bed0a6:   30 e9 55 ff ff ff a8 01 75 d6 49 0f ba e0 19 72
0x0000000077bed0b6:   6d 8b d7 48 8b cb e8 ef 57 00 00 83 f8 01 74 d2
0x0000000077bed0c6:   83 f8 02 75 9f 8d 70 01 8b f8 eb 98 8b 43 08 a8
0x0000000077bed0d6:   01 75 0a f3 90 48 83 ea 01 75 f1 eb 9c 8b c8 33
0x0000000077bed0e6:   ce f0 0f b1 4b 08 74 a3 a8 01 75 f1 eb e5 48 8b 


Stack slot to memory mapping:
stack at sp + 0 slots: 0x0 is NULL
stack at sp + 1 slots: 0x0000000000000101 is an unknown value
stack at sp + 2 slots: 0x0000000022717700 points into unknown readable memory: 49 44 49 44 5a 29 56 00
stack at sp + 3 slots: 0x0000000000000086 is an unknown value
stack at sp + 4 slots: 0x000000002289f0c8 points into unknown readable memory: 10 00 00 00 00 00 00 00
stack at sp + 5 slots: 0x000007fecc3604e9 igdrcl64.dll
stack at sp + 6 slots: 0x0 is NULL
stack at sp + 7 slots: 0x00000000001af7e1 points into unknown readable memory: 00 00 00 00 00 00 00

VM_Operation (0x000000002635f060): Exit, mode: safepoint, requested by thread 0x00000000237e1000


---------------  P R O C E S S  ---------------

Threads class SMR info:
_java_thread_list=0x00000000244263d0, length=13, elements={
0x000000000023a800, 0x000000001f3e1800, 0x000000001f3e2800, 0x000000002269b000,
0x000000002269c000, 0x000000002269e800, 0x00000000226a0800, 0x00000000226c0800,
0x0000000022758000, 0x00000000234e6000, 0x00000000234fd800, 0x000000002350b800,
0x00000000237e1000
}

Java Threads: ( => current thread )
  0x000000000023a800 JavaThread "main" [_thread_blocked, id=15064, stack(0x00000000020b0000,0x00000000021b0000)]
  0x000000001f3e1800 JavaThread "Reference Handler" daemon [_thread_blocked, id=15044, stack(0x0000000021b60000,0x0000000021c60000)]
  0x000000001f3e2800 JavaThread "Finalizer" daemon [_thread_blocked, id=4376, stack(0x0000000022930000,0x0000000022a30000)]
  0x000000002269b000 JavaThread "Signal Dispatcher" daemon [_thread_blocked, id=4420, stack(0x0000000022c30000,0x0000000022d30000)]
  0x000000002269c000 JavaThread "Attach Listener" daemon [_thread_blocked, id=15088, stack(0x0000000022ec0000,0x0000000022fc0000)]
  0x000000002269e800 JavaThread "Service Thread" daemon [_thread_blocked, id=14500, stack(0x0000000022fd0000,0x00000000230d0000)]
  0x00000000226a0800 JavaThread "C2 CompilerThread0" daemon [_thread_blocked, id=15624, stack(0x0000000022b30000,0x0000000022c30000)]
  0x00000000226c0800 JavaThread "C1 CompilerThread0" daemon [_thread_blocked, id=6408, stack(0x0000000023140000,0x0000000023240000)]
  0x0000000022758000 JavaThread "Sweeper thread" daemon [_thread_blocked, id=15860, stack(0x0000000023320000,0x0000000023420000)]
  0x00000000234e6000 JavaThread "JDWP Event Helper Thread" daemon [_thread_blocked, id=11684, stack(0x0000000023b60000,0x0000000023c60000)]
  0x00000000234fd800 JavaThread "Notification Thread" daemon [_thread_blocked, id=8992, stack(0x0000000023f60000,0x0000000024060000)]
  0x000000002350b800 JavaThread "Common-Cleaner" daemon [_thread_blocked, id=8848, stack(0x00000000241f0000,0x00000000242f0000)]
  0x00000000237e1000 JavaThread "SIGINT handler" daemon [_thread_blocked, id=13736, stack(0x0000000026260000,0x0000000026360000)]

Other Threads:
=>0x000000001f3d2800 VMThread "VM Thread" [stack: 0x00000000227a0000,0x00000000228a0000] [id=14736]
  0x000000000027c000 GCTaskThread "GC Thread#0" [stack: 0x000000001f1f0000,0x000000001f2f0000] [id=10140]
  0x000000000028d000 ConcurrentGCThread "G1 Main Marker" [stack: 0x000000001f3f0000,0x000000001f4f0000] [id=11088]
  0x000000000028e800 ConcurrentGCThread "G1 Conc#0" [stack: 0x000000001f5a0000,0x000000001f6a0000] [id=15160]
  0x000000001f368000 ConcurrentGCThread "G1 Refine#0" [stack: 0x0000000021a40000,0x0000000021b40000] [id=15048]
  0x000000001f369000 ConcurrentGCThread "G1 Young RemSet Sampling" [stack: 0x0000000021c70000,0x0000000021d70000] [id=8432]

Threads with active compile tasks:

VM state:at safepoint (shutting down)

VM Mutex/Monitor currently owned by a thread:  ([mutex/lock_event])
[0x0000000000236580] Threads_lock - owner thread: 0x000000001f3d2800
[0x0000000000236c40] Heap_lock - owner thread: 0x00000000237e1000

Heap address: 0x0000000081400000, size: 2028 MB, Compressed Oops mode: 32-bit
Narrow klass base: 0x0000000800000000, Narrow klass shift: 3
Compressed class space size: 1073741824 Address: 0x0000000800b30000

Heap:
 garbage-first heap   total 131072K, used 5120K [0x0000000081400000, 0x0000000100000000)
  region size 1024K, 6 young (6144K), 0 survivors (0K)
 Metaspace       used 1861K, capacity 5100K, committed 5376K, reserved 1056768K
  class space    used 164K, capacity 444K, committed 512K, reserved 1048576K
Heap Regions: E=young(eden), S=young(survivor), O=old, HS=humongous(starts), HC=humongous(continues), CS=collection set, F=free, OA=open archive, CA=closed archive, TAMS=top-at-mark-start (previous, next)
|   0|0x0000000081400000, 0x0000000081400000, 0x0000000081500000|  0%| F|  |TAMS 0x0000000081400000, 0x0000000081400000| Untracked 
|   1|0x0000000081500000, 0x0000000081500000, 0x0000000081600000|  0%| F|  |TAMS 0x0000000081500000, 0x0000000081500000| Untracked 
|   2|0x0000000081600000, 0x0000000081600000, 0x0000000081700000|  0%| F|  |TAMS 0x0000000081600000, 0x0000000081600000| Untracked 
|   3|0x0000000081700000, 0x0000000081700000, 0x0000000081800000|  0%| F|  |TAMS 0x0000000081700000, 0x0000000081700000| Untracked 
|   4|0x0000000081800000, 0x0000000081800000, 0x0000000081900000|  0%| F|  |TAMS 0x0000000081800000, 0x0000000081800000| Untracked 
|   5|0x0000000081900000, 0x0000000081900000, 0x0000000081a00000|  0%| F|  |TAMS 0x0000000081900000, 0x0000000081900000| Untracked 
|   6|0x0000000081a00000, 0x0000000081a00000, 0x0000000081b00000|  0%| F|  |TAMS 0x0000000081a00000, 0x0000000081a00000| Untracked 
|   7|0x0000000081b00000, 0x0000000081b00000, 0x0000000081c00000|  0%| F|  |TAMS 0x0000000081b00000, 0x0000000081b00000| Untracked 
|   8|0x0000000081c00000, 0x0000000081c00000, 0x0000000081d00000|  0%| F|  |TAMS 0x0000000081c00000, 0x0000000081c00000| Untracked 
|   9|0x0000000081d00000, 0x0000000081d00000, 0x0000000081e00000|  0%| F|  |TAMS 0x0000000081d00000, 0x0000000081d00000| Untracked 
|  10|0x0000000081e00000, 0x0000000081e00000, 0x0000000081f00000|  0%| F|  |TAMS 0x0000000081e00000, 0x0000000081e00000| Untracked 
|  11|0x0000000081f00000, 0x0000000081f00000, 0x0000000082000000|  0%| F|  |TAMS 0x0000000081f00000, 0x0000000081f00000| Untracked 
|  12|0x0000000082000000, 0x0000000082000000, 0x0000000082100000|  0%| F|  |TAMS 0x0000000082000000, 0x0000000082000000| Untracked 
|  13|0x0000000082100000, 0x0000000082100000, 0x0000000082200000|  0%| F|  |TAMS 0x0000000082100000, 0x0000000082100000| Untracked 
|  14|0x0000000082200000, 0x0000000082200000, 0x0000000082300000|  0%| F|  |TAMS 0x0000000082200000, 0x0000000082200000| Untracked 
|  15|0x0000000082300000, 0x0000000082300000, 0x0000000082400000|  0%| F|  |TAMS 0x0000000082300000, 0x0000000082300000| Untracked 
|  16|0x0000000082400000, 0x0000000082400000, 0x0000000082500000|  0%| F|  |TAMS 0x0000000082400000, 0x0000000082400000| Untracked 
|  17|0x0000000082500000, 0x0000000082500000, 0x0000000082600000|  0%| F|  |TAMS 0x0000000082500000, 0x0000000082500000| Untracked 
|  18|0x0000000082600000, 0x0000000082600000, 0x0000000082700000|  0%| F|  |TAMS 0x0000000082600000, 0x0000000082600000| Untracked 
|  19|0x0000000082700000, 0x0000000082700000, 0x0000000082800000|  0%| F|  |TAMS 0x0000000082700000, 0x0000000082700000| Untracked 
|  20|0x0000000082800000, 0x0000000082800000, 0x0000000082900000|  0%| F|  |TAMS 0x0000000082800000, 0x0000000082800000| Untracked 
|  21|0x0000000082900000, 0x0000000082900000, 0x0000000082a00000|  0%| F|  |TAMS 0x0000000082900000, 0x0000000082900000| Untracked 
|  22|0x0000000082a00000, 0x0000000082a00000, 0x0000000082b00000|  0%| F|  |TAMS 0x0000000082a00000, 0x0000000082a00000| Untracked 
|  23|0x0000000082b00000, 0x0000000082b00000, 0x0000000082c00000|  0%| F|  |TAMS 0x0000000082b00000, 0x0000000082b00000| Untracked 
|  24|0x0000000082c00000, 0x0000000082c00000, 0x0000000082d00000|  0%| F|  |TAMS 0x0000000082c00000, 0x0000000082c00000| Untracked 
|  25|0x0000000082d00000, 0x0000000082d00000, 0x0000000082e00000|  0%| F|  |TAMS 0x0000000082d00000, 0x0000000082d00000| Untracked 
|  26|0x0000000082e00000, 0x0000000082e00000, 0x0000000082f00000|  0%| F|  |TAMS 0x0000000082e00000, 0x0000000082e00000| Untracked 
|  27|0x0000000082f00000, 0x0000000082f00000, 0x0000000083000000|  0%| F|  |TAMS 0x0000000082f00000, 0x0000000082f00000| Untracked 
|  28|0x0000000083000000, 0x0000000083000000, 0x0000000083100000|  0%| F|  |TAMS 0x0000000083000000, 0x0000000083000000| Untracked 
|  29|0x0000000083100000, 0x0000000083100000, 0x0000000083200000|  0%| F|  |TAMS 0x0000000083100000, 0x0000000083100000| Untracked 
|  30|0x0000000083200000, 0x0000000083200000, 0x0000000083300000|  0%| F|  |TAMS 0x0000000083200000, 0x0000000083200000| Untracked 
|  31|0x0000000083300000, 0x0000000083300000, 0x0000000083400000|  0%| F|  |TAMS 0x0000000083300000, 0x0000000083300000| Untracked 
|  32|0x0000000083400000, 0x0000000083400000, 0x0000000083500000|  0%| F|  |TAMS 0x0000000083400000, 0x0000000083400000| Untracked 
|  33|0x0000000083500000, 0x0000000083500000, 0x0000000083600000|  0%| F|  |TAMS 0x0000000083500000, 0x0000000083500000| Untracked 
|  34|0x0000000083600000, 0x0000000083600000, 0x0000000083700000|  0%| F|  |TAMS 0x0000000083600000, 0x0000000083600000| Untracked 
|  35|0x0000000083700000, 0x0000000083700000, 0x0000000083800000|  0%| F|  |TAMS 0x0000000083700000, 0x0000000083700000| Untracked 
|  36|0x0000000083800000, 0x0000000083800000, 0x0000000083900000|  0%| F|  |TAMS 0x0000000083800000, 0x0000000083800000| Untracked 
|  37|0x0000000083900000, 0x0000000083900000, 0x0000000083a00000|  0%| F|  |TAMS 0x0000000083900000, 0x0000000083900000| Untracked 
|  38|0x0000000083a00000, 0x0000000083a00000, 0x0000000083b00000|  0%| F|  |TAMS 0x0000000083a00000, 0x0000000083a00000| Untracked 
|  39|0x0000000083b00000, 0x0000000083b00000, 0x0000000083c00000|  0%| F|  |TAMS 0x0000000083b00000, 0x0000000083b00000| Untracked 
|  40|0x0000000083c00000, 0x0000000083c00000, 0x0000000083d00000|  0%| F|  |TAMS 0x0000000083c00000, 0x0000000083c00000| Untracked 
|  41|0x0000000083d00000, 0x0000000083d00000, 0x0000000083e00000|  0%| F|  |TAMS 0x0000000083d00000, 0x0000000083d00000| Untracked 
|  42|0x0000000083e00000, 0x0000000083e00000, 0x0000000083f00000|  0%| F|  |TAMS 0x0000000083e00000, 0x0000000083e00000| Untracked 
|  43|0x0000000083f00000, 0x0000000083f00000, 0x0000000084000000|  0%| F|  |TAMS 0x0000000083f00000, 0x0000000083f00000| Untracked 
|  44|0x0000000084000000, 0x0000000084000000, 0x0000000084100000|  0%| F|  |TAMS 0x0000000084000000, 0x0000000084000000| Untracked 
|  45|0x0000000084100000, 0x0000000084100000, 0x0000000084200000|  0%| F|  |TAMS 0x0000000084100000, 0x0000000084100000| Untracked 
|  46|0x0000000084200000, 0x0000000084200000, 0x0000000084300000|  0%| F|  |TAMS 0x0000000084200000, 0x0000000084200000| Untracked 
|  47|0x0000000084300000, 0x0000000084300000, 0x0000000084400000|  0%| F|  |TAMS 0x0000000084300000, 0x0000000084300000| Untracked 
|  48|0x0000000084400000, 0x0000000084400000, 0x0000000084500000|  0%| F|  |TAMS 0x0000000084400000, 0x0000000084400000| Untracked 
|  49|0x0000000084500000, 0x0000000084500000, 0x0000000084600000|  0%| F|  |TAMS 0x0000000084500000, 0x0000000084500000| Untracked 
|  50|0x0000000084600000, 0x0000000084600000, 0x0000000084700000|  0%| F|  |TAMS 0x0000000084600000, 0x0000000084600000| Untracked 
|  51|0x0000000084700000, 0x0000000084700000, 0x0000000084800000|  0%| F|  |TAMS 0x0000000084700000, 0x0000000084700000| Untracked 
|  52|0x0000000084800000, 0x0000000084800000, 0x0000000084900000|  0%| F|  |TAMS 0x0000000084800000, 0x0000000084800000| Untracked 
|  53|0x0000000084900000, 0x0000000084900000, 0x0000000084a00000|  0%| F|  |TAMS 0x0000000084900000, 0x0000000084900000| Untracked 
|  54|0x0000000084a00000, 0x0000000084a00000, 0x0000000084b00000|  0%| F|  |TAMS 0x0000000084a00000, 0x0000000084a00000| Untracked 
|  55|0x0000000084b00000, 0x0000000084b00000, 0x0000000084c00000|  0%| F|  |TAMS 0x0000000084b00000, 0x0000000084b00000| Untracked 
|  56|0x0000000084c00000, 0x0000000084c00000, 0x0000000084d00000|  0%| F|  |TAMS 0x0000000084c00000, 0x0000000084c00000| Untracked 
|  57|0x0000000084d00000, 0x0000000084d00000, 0x0000000084e00000|  0%| F|  |TAMS 0x0000000084d00000, 0x0000000084d00000| Untracked 
|  58|0x0000000084e00000, 0x0000000084e00000, 0x0000000084f00000|  0%| F|  |TAMS 0x0000000084e00000, 0x0000000084e00000| Untracked 
|  59|0x0000000084f00000, 0x0000000084f00000, 0x0000000085000000|  0%| F|  |TAMS 0x0000000084f00000, 0x0000000084f00000| Untracked 
|  60|0x0000000085000000, 0x0000000085000000, 0x0000000085100000|  0%| F|  |TAMS 0x0000000085000000, 0x0000000085000000| Untracked 
|  61|0x0000000085100000, 0x0000000085100000, 0x0000000085200000|  0%| F|  |TAMS 0x0000000085100000, 0x0000000085100000| Untracked 
|  62|0x0000000085200000, 0x0000000085200000, 0x0000000085300000|  0%| F|  |TAMS 0x0000000085200000, 0x0000000085200000| Untracked 
|  63|0x0000000085300000, 0x0000000085300000, 0x0000000085400000|  0%| F|  |TAMS 0x0000000085300000, 0x0000000085300000| Untracked 
|  64|0x0000000085400000, 0x0000000085400000, 0x0000000085500000|  0%| F|  |TAMS 0x0000000085400000, 0x0000000085400000| Untracked 
|  65|0x0000000085500000, 0x0000000085500000, 0x0000000085600000|  0%| F|  |TAMS 0x0000000085500000, 0x0000000085500000| Untracked 
|  66|0x0000000085600000, 0x0000000085600000, 0x0000000085700000|  0%| F|  |TAMS 0x0000000085600000, 0x0000000085600000| Untracked 
|  67|0x0000000085700000, 0x0000000085700000, 0x0000000085800000|  0%| F|  |TAMS 0x0000000085700000, 0x0000000085700000| Untracked 
|  68|0x0000000085800000, 0x0000000085800000, 0x0000000085900000|  0%| F|  |TAMS 0x0000000085800000, 0x0000000085800000| Untracked 
|  69|0x0000000085900000, 0x0000000085900000, 0x0000000085a00000|  0%| F|  |TAMS 0x0000000085900000, 0x0000000085900000| Untracked 
|  70|0x0000000085a00000, 0x0000000085a00000, 0x0000000085b00000|  0%| F|  |TAMS 0x0000000085a00000, 0x0000000085a00000| Untracked 
|  71|0x0000000085b00000, 0x0000000085b00000, 0x0000000085c00000|  0%| F|  |TAMS 0x0000000085b00000, 0x0000000085b00000| Untracked 
|  72|0x0000000085c00000, 0x0000000085c00000, 0x0000000085d00000|  0%| F|  |TAMS 0x0000000085c00000, 0x0000000085c00000| Untracked 
|  73|0x0000000085d00000, 0x0000000085d00000, 0x0000000085e00000|  0%| F|  |TAMS 0x0000000085d00000, 0x0000000085d00000| Untracked 
|  74|0x0000000085e00000, 0x0000000085e00000, 0x0000000085f00000|  0%| F|  |TAMS 0x0000000085e00000, 0x0000000085e00000| Untracked 
|  75|0x0000000085f00000, 0x0000000085f00000, 0x0000000086000000|  0%| F|  |TAMS 0x0000000085f00000, 0x0000000085f00000| Untracked 
|  76|0x0000000086000000, 0x0000000086000000, 0x0000000086100000|  0%| F|  |TAMS 0x0000000086000000, 0x0000000086000000| Untracked 
|  77|0x0000000086100000, 0x0000000086100000, 0x0000000086200000|  0%| F|  |TAMS 0x0000000086100000, 0x0000000086100000| Untracked 
|  78|0x0000000086200000, 0x0000000086200000, 0x0000000086300000|  0%| F|  |TAMS 0x0000000086200000, 0x0000000086200000| Untracked 
|  79|0x0000000086300000, 0x0000000086300000, 0x0000000086400000|  0%| F|  |TAMS 0x0000000086300000, 0x0000000086300000| Untracked 
|  80|0x0000000086400000, 0x0000000086400000, 0x0000000086500000|  0%| F|  |TAMS 0x0000000086400000, 0x0000000086400000| Untracked 
|  81|0x0000000086500000, 0x0000000086500000, 0x0000000086600000|  0%| F|  |TAMS 0x0000000086500000, 0x0000000086500000| Untracked 
|  82|0x0000000086600000, 0x0000000086600000, 0x0000000086700000|  0%| F|  |TAMS 0x0000000086600000, 0x0000000086600000| Untracked 
|  83|0x0000000086700000, 0x0000000086700000, 0x0000000086800000|  0%| F|  |TAMS 0x0000000086700000, 0x0000000086700000| Untracked 
|  84|0x0000000086800000, 0x0000000086800000, 0x0000000086900000|  0%| F|  |TAMS 0x0000000086800000, 0x0000000086800000| Untracked 
|  85|0x0000000086900000, 0x0000000086900000, 0x0000000086a00000|  0%| F|  |TAMS 0x0000000086900000, 0x0000000086900000| Untracked 
|  86|0x0000000086a00000, 0x0000000086a00000, 0x0000000086b00000|  0%| F|  |TAMS 0x0000000086a00000, 0x0000000086a00000| Untracked 
|  87|0x0000000086b00000, 0x0000000086b00000, 0x0000000086c00000|  0%| F|  |TAMS 0x0000000086b00000, 0x0000000086b00000| Untracked 
|  88|0x0000000086c00000, 0x0000000086c00000, 0x0000000086d00000|  0%| F|  |TAMS 0x0000000086c00000, 0x0000000086c00000| Untracked 
|  89|0x0000000086d00000, 0x0000000086d00000, 0x0000000086e00000|  0%| F|  |TAMS 0x0000000086d00000, 0x0000000086d00000| Untracked 
|  90|0x0000000086e00000, 0x0000000086e00000, 0x0000000086f00000|  0%| F|  |TAMS 0x0000000086e00000, 0x0000000086e00000| Untracked 
|  91|0x0000000086f00000, 0x0000000086f00000, 0x0000000087000000|  0%| F|  |TAMS 0x0000000086f00000, 0x0000000086f00000| Untracked 
|  92|0x0000000087000000, 0x0000000087000000, 0x0000000087100000|  0%| F|  |TAMS 0x0000000087000000, 0x0000000087000000| Untracked 
|  93|0x0000000087100000, 0x0000000087100000, 0x0000000087200000|  0%| F|  |TAMS 0x0000000087100000, 0x0000000087100000| Untracked 
|  94|0x0000000087200000, 0x0000000087200000, 0x0000000087300000|  0%| F|  |TAMS 0x0000000087200000, 0x0000000087200000| Untracked 
|  95|0x0000000087300000, 0x0000000087300000, 0x0000000087400000|  0%| F|  |TAMS 0x0000000087300000, 0x0000000087300000| Untracked 
|  96|0x0000000087400000, 0x0000000087400000, 0x0000000087500000|  0%| F|  |TAMS 0x0000000087400000, 0x0000000087400000| Untracked 
|  97|0x0000000087500000, 0x0000000087500000, 0x0000000087600000|  0%| F|  |TAMS 0x0000000087500000, 0x0000000087500000| Untracked 
|  98|0x0000000087600000, 0x0000000087600000, 0x0000000087700000|  0%| F|  |TAMS 0x0000000087600000, 0x0000000087600000| Untracked 
|  99|0x0000000087700000, 0x0000000087700000, 0x0000000087800000|  0%| F|  |TAMS 0x0000000087700000, 0x0000000087700000| Untracked 
| 100|0x0000000087800000, 0x0000000087800000, 0x0000000087900000|  0%| F|  |TAMS 0x0000000087800000, 0x0000000087800000| Untracked 
| 101|0x0000000087900000, 0x0000000087900000, 0x0000000087a00000|  0%| F|  |TAMS 0x0000000087900000, 0x0000000087900000| Untracked 
| 102|0x0000000087a00000, 0x0000000087a00000, 0x0000000087b00000|  0%| F|  |TAMS 0x0000000087a00000, 0x0000000087a00000| Untracked 
| 103|0x0000000087b00000, 0x0000000087b00000, 0x0000000087c00000|  0%| F|  |TAMS 0x0000000087b00000, 0x0000000087b00000| Untracked 
| 104|0x0000000087c00000, 0x0000000087c00000, 0x0000000087d00000|  0%| F|  |TAMS 0x0000000087c00000, 0x0000000087c00000| Untracked 
| 105|0x0000000087d00000, 0x0000000087d00000, 0x0000000087e00000|  0%| F|  |TAMS 0x0000000087d00000, 0x0000000087d00000| Untracked 
| 106|0x0000000087e00000, 0x0000000087e00000, 0x0000000087f00000|  0%| F|  |TAMS 0x0000000087e00000, 0x0000000087e00000| Untracked 
| 107|0x0000000087f00000, 0x0000000087f00000, 0x0000000088000000|  0%| F|  |TAMS 0x0000000087f00000, 0x0000000087f00000| Untracked 
| 108|0x0000000088000000, 0x0000000088000000, 0x0000000088100000|  0%| F|  |TAMS 0x0000000088000000, 0x0000000088000000| Untracked 
| 109|0x0000000088100000, 0x0000000088100000, 0x0000000088200000|  0%| F|  |TAMS 0x0000000088100000, 0x0000000088100000| Untracked 
| 110|0x0000000088200000, 0x0000000088200000, 0x0000000088300000|  0%| F|  |TAMS 0x0000000088200000, 0x0000000088200000| Untracked 
| 111|0x0000000088300000, 0x0000000088300000, 0x0000000088400000|  0%| F|  |TAMS 0x0000000088300000, 0x0000000088300000| Untracked 
| 112|0x0000000088400000, 0x0000000088400000, 0x0000000088500000|  0%| F|  |TAMS 0x0000000088400000, 0x0000000088400000| Untracked 
| 113|0x0000000088500000, 0x0000000088500000, 0x0000000088600000|  0%| F|  |TAMS 0x0000000088500000, 0x0000000088500000| Untracked 
| 114|0x0000000088600000, 0x0000000088600000, 0x0000000088700000|  0%| F|  |TAMS 0x0000000088600000, 0x0000000088600000| Untracked 
| 115|0x0000000088700000, 0x0000000088700000, 0x0000000088800000|  0%| F|  |TAMS 0x0000000088700000, 0x0000000088700000| Untracked 
| 116|0x0000000088800000, 0x0000000088800000, 0x0000000088900000|  0%| F|  |TAMS 0x0000000088800000, 0x0000000088800000| Untracked 
| 117|0x0000000088900000, 0x0000000088900000, 0x0000000088a00000|  0%| F|  |TAMS 0x0000000088900000, 0x0000000088900000| Untracked 
| 118|0x0000000088a00000, 0x0000000088a00000, 0x0000000088b00000|  0%| F|  |TAMS 0x0000000088a00000, 0x0000000088a00000| Untracked 
| 119|0x0000000088b00000, 0x0000000088b00000, 0x0000000088c00000|  0%| F|  |TAMS 0x0000000088b00000, 0x0000000088b00000| Untracked 
| 120|0x0000000088c00000, 0x0000000088c00000, 0x0000000088d00000|  0%| F|  |TAMS 0x0000000088c00000, 0x0000000088c00000| Untracked 
| 121|0x0000000088d00000, 0x0000000088d00000, 0x0000000088e00000|  0%| F|  |TAMS 0x0000000088d00000, 0x0000000088d00000| Untracked 
| 122|0x0000000088e00000, 0x0000000088e00800, 0x0000000088f00000|  0%| E|  |TAMS 0x0000000088e00000, 0x0000000088e00000| Complete 
| 123|0x0000000088f00000, 0x0000000089000000, 0x0000000089000000|100%| E|CS|TAMS 0x0000000088f00000, 0x0000000088f00000| Complete 
| 124|0x0000000089000000, 0x0000000089100000, 0x0000000089100000|100%| E|CS|TAMS 0x0000000089000000, 0x0000000089000000| Complete 
| 125|0x0000000089100000, 0x0000000089200000, 0x0000000089200000|100%| E|CS|TAMS 0x0000000089100000, 0x0000000089100000| Complete 
| 126|0x0000000089200000, 0x0000000089300000, 0x0000000089300000|100%| E|CS|TAMS 0x0000000089200000, 0x0000000089200000| Complete 
| 127|0x0000000089300000, 0x0000000089400000, 0x0000000089400000|100%| E|CS|TAMS 0x0000000089300000, 0x0000000089300000| Complete 

Card table byte_map: [0x000000001a970000,0x000000001ad70000] _byte_map_base: 0x000000001a566000

Marking Bits (Prev, Next): (CMBitMap*) 0x000000000027c7b8, (CMBitMap*) 0x000000000027c7f8
 Prev Bits: [0x000000001b170000, 0x000000001d120000)
 Next Bits: [0x000000001d120000, 0x000000001f0d0000)

Polling page: 0x0000000000330000

Metaspace:

Usage:
  Non-class:      4.55 MB capacity,     1.66 MB ( 36%) used,     2.89 MB ( 63%) free+waste,     2.81 KB ( <1%) overhead. 
      Class:    444.00 KB capacity,   164.06 KB ( 37%) used,   278.31 KB ( 63%) free+waste,     1.63 KB ( <1%) overhead. 
       Both:      4.98 MB capacity,     1.82 MB ( 37%) used,     3.16 MB ( 63%) free+waste,     4.44 KB ( <1%) overhead. 

Virtual space:
  Non-class space:        8.00 MB reserved,       4.75 MB ( 59%) committed 
      Class space:        1.00 GB reserved,     512.00 KB ( <1%) committed 
             Both:        1.01 GB reserved,       5.25 MB ( <1%) committed 

Chunk freelists:
   Non-Class:  16.00 KB
       Class:  4.00 KB
        Both:  20.00 KB

MaxMetaspaceSize: 17179869184.00 GB
CompressedClassSpaceSize: 1.00 GB

CodeHeap 'non-profiled nmethods': size=120000Kb used=198Kb max_used=198Kb free=119801Kb
 bounds [0x0000000012b10000, 0x0000000012d80000, 0x000000001a040000]
CodeHeap 'profiled nmethods': size=120000Kb used=603Kb max_used=603Kb free=119396Kb
 bounds [0x000000000b5e0000, 0x000000000b850000, 0x0000000012b10000]
CodeHeap 'non-nmethods': size=5760Kb used=1462Kb max_used=1462Kb free=4297Kb
 bounds [0x000000000b040000, 0x000000000b2b0000, 0x000000000b5e0000]
 total_blobs=1499 nmethods=417 adapters=613
 compilation: enabled
              stopped_count=0, restarted_count=0
 full_count=0

Compilation events (20 events):
Event: 2.128 Thread 0x00000000226c0800  408       3       java.lang.StringLatin1::indexOf (121 bytes)
Event: 2.128 Thread 0x00000000226c0800 nmethod 408 0x000000000b673010 code [0x000000000b6731e0, 0x000000000b6736d8]
Event: 2.175 Thread 0x00000000226c0800  409       3       java.lang.Object::equals (11 bytes)
Event: 2.175 Thread 0x00000000226c0800 nmethod 409 0x000000000b673910 code [0x000000000b673aa0, 0x000000000b673c18]
Event: 2.755 Thread 0x00000000226c0800  410       3       java.util.concurrent.ConcurrentHashMap$BaseIterator::hasNext (13 bytes)
Event: 2.755 Thread 0x00000000226c0800 nmethod 410 0x000000000b673c90 code [0x000000000b673e20, 0x000000000b673f98]
Event: 28.178 Thread 0x00000000226c0800  411       3       java.lang.CharacterData::of (120 bytes)
Event: 28.179 Thread 0x00000000226c0800 nmethod 411 0x000000000b674010 code [0x000000000b674200, 0x000000000b674998]
Event: 28.179 Thread 0x00000000226c0800  412       3       java.lang.StringConcatHelper::stringOf (20 bytes)
Event: 28.180 Thread 0x00000000226c0800 nmethod 412 0x000000000b674b90 code [0x000000000b674d40, 0x000000000b674f88]
Event: 28.231 Thread 0x00000000226c0800  413       3       java.lang.String::charAt (25 bytes)
Event: 28.232 Thread 0x00000000226c0800 nmethod 413 0x000000000b675090 code [0x000000000b675280, 0x000000000b6757b8]
Event: 28.308 Thread 0x00000000226c0800  414       3       java.lang.CharacterDataLatin1::toUpperCase (53 bytes)
Event: 28.309 Thread 0x00000000226c0800 nmethod 414 0x000000000b675a10 code [0x000000000b675bc0, 0x000000000b675e78]
Event: 28.309 Thread 0x00000000226c0800  416       3       jdk.internal.misc.Unsafe::allocateUninitializedArray (55 bytes)
Event: 28.310 Thread 0x00000000226c0800 nmethod 416 0x000000000b675f90 code [0x000000000b6761a0, 0x000000000b676698]
Event: 28.310 Thread 0x00000000226c0800  415       1       java.net.URL::getFile (5 bytes)
Event: 28.310 Thread 0x00000000226c0800 nmethod 415 0x0000000012b41610 code [0x0000000012b417a0, 0x0000000012b41878]
Event: 28.312 Thread 0x00000000226c0800  417       3       java.lang.String::replace (42 bytes)
Event: 28.313 Thread 0x00000000226c0800 nmethod 417 0x000000000b676890 code [0x000000000b676a60, 0x000000000b676db8]

GC Heap History (0 events):
No events

Deoptimization events (20 events):
Event: 0.210 Thread 0x000000000023a800 Uncommon trap: trap_request=0xffffff45 fr.pc=0x0000000012b14260 relative=0x0000000000000280
Event: 0.210 Thread 0x000000000023a800 Uncommon trap: reason=unstable_if action=reinterpret pc=0x0000000012b14260 method=java.lang.String.hashCode()I @ 42 c2
Event: 0.210 Thread 0x000000000023a800 DEOPT PACKING pc=0x0000000012b14260 sp=0x00000000021add70
Event: 0.210 Thread 0x000000000023a800 DEOPT UNPACKING pc=0x000000000b08912f sp=0x00000000021add08 mode 2
Event: 1.808 Thread 0x000000000023a800 Uncommon trap: trap_request=0xffffff45 fr.pc=0x0000000012b303a8 relative=0x0000000000001c28
Event: 1.808 Thread 0x000000000023a800 Uncommon trap: reason=unstable_if action=reinterpret pc=0x0000000012b303a8 method=java.util.zip.ZipFile$ZipFileInputStream.read([BII)I @ 41 c2
Event: 1.808 Thread 0x000000000023a800 DEOPT PACKING pc=0x0000000012b303a8 sp=0x00000000021ade60
Event: 1.808 Thread 0x000000000023a800 DEOPT UNPACKING pc=0x000000000b08912f sp=0x00000000021adda0 mode 2
Event: 1.809 Thread 0x000000000023a800 Uncommon trap: trap_request=0xffffff45 fr.pc=0x0000000012b2c7ac relative=0x00000000000005ac
Event: 1.809 Thread 0x000000000023a800 Uncommon trap: reason=unstable_if action=reinterpret pc=0x0000000012b2c7ac method=java.util.zip.Inflater.inflate([BII)I @ 327 c2
Event: 1.809 Thread 0x000000000023a800 DEOPT PACKING pc=0x0000000012b2c7ac sp=0x00000000021ade20
Event: 1.809 Thread 0x000000000023a800 DEOPT UNPACKING pc=0x000000000b08912f sp=0x00000000021addb0 mode 2
Event: 28.184 Thread 0x00000000234e2800 Uncommon trap: trap_request=0xffffff45 fr.pc=0x0000000012b2b514 relative=0x0000000000000234
Event: 28.184 Thread 0x00000000234e2800 Uncommon trap: reason=unstable_if action=reinterpret pc=0x0000000012b2b514 method=java.lang.ThreadLocal.get()Ljava/lang/Object; @ 11 c2
Event: 28.184 Thread 0x00000000234e2800 DEOPT PACKING pc=0x0000000012b2b514 sp=0x0000000023a4ea30
Event: 28.184 Thread 0x00000000234e2800 DEOPT UNPACKING pc=0x000000000b08912f sp=0x0000000023a4ea00 mode 2
Event: 28.184 Thread 0x00000000234e2800 Uncommon trap: trap_request=0xffffff45 fr.pc=0x0000000012b1b878 relative=0x0000000000000118
Event: 28.184 Thread 0x00000000234e2800 Uncommon trap: reason=unstable_if action=reinterpret pc=0x0000000012b1b878 method=java.lang.String.isLatin1()Z @ 10 c2
Event: 28.184 Thread 0x00000000234e2800 DEOPT PACKING pc=0x0000000012b1b878 sp=0x0000000023a4e790
Event: 28.184 Thread 0x00000000234e2800 DEOPT UNPACKING pc=0x000000000b08912f sp=0x0000000023a4e6e0 mode 2

Classes unloaded (0 events):
No events

Classes redefined (0 events):
No events

Internal exceptions (17 events):
Event: 0.369 Thread 0x000000000023a800 Exception <a 'java/lang/NoSuchMethodError'{0x00000000892a6a80}: 'java.lang.Object java.lang.invoke.DirectMethodHandle$Holder.invokeStaticInit(java.lang.Object, int, int, int, int)'> (0x00000000892a6a80) 
thrown [./open/src/hotspot/share/interpreter/linkResolver.cpp, line 766]
Event: 0.528 Thread 0x000000000023a800 Exception <a 'java/lang/NoSuchMethodError'{0x0000000089184670}: 'java.lang.Object java.lang.invoke.DirectMethodHandle$Holder.invokeStaticInit(java.lang.Object, java.lang.Object, int, int, int, int)'> (0x0000000089184670) 
thrown [./open/src/hotspot/share/interpreter/linkResolver.cpp, line 766]
Event: 0.901 Thread 0x000000000023a800 Exception <a 'sun/nio/fs/WindowsException'{0x000000008909f348}> (0x000000008909f348) 
thrown [./open/src/hotspot/share/prims/jni.cpp, line 599]
Event: 0.936 Thread 0x000000000023a800 Exception <a 'sun/nio/fs/WindowsException'{0x00000000890a6f08}> (0x00000000890a6f08) 
thrown [./open/src/hotspot/share/prims/jni.cpp, line 599]
Event: 1.197 Thread 0x000000000023a800 Exception <a 'sun/nio/fs/WindowsException'{0x00000000890b63e8}> (0x00000000890b63e8) 
thrown [./open/src/hotspot/share/prims/jni.cpp, line 599]
Event: 1.198 Thread 0x000000000023a800 Exception <a 'sun/nio/fs/WindowsException'{0x00000000890b6a50}> (0x00000000890b6a50) 
thrown [./open/src/hotspot/share/prims/jni.cpp, line 599]
Event: 1.198 Thread 0x000000000023a800 Exception <a 'sun/nio/fs/WindowsException'{0x00000000890b6db0}> (0x00000000890b6db0) 
thrown [./open/src/hotspot/share/prims/jni.cpp, line 599]
Event: 1.198 Thread 0x000000000023a800 Exception <a 'sun/nio/fs/WindowsException'{0x00000000890b7528}> (0x00000000890b7528) 
thrown [./open/src/hotspot/share/prims/jni.cpp, line 599]
Event: 1.198 Thread 0x000000000023a800 Exception <a 'sun/nio/fs/WindowsException'{0x00000000890b7858}> (0x00000000890b7858) 
thrown [./open/src/hotspot/share/prims/jni.cpp, line 599]
Event: 1.198 Thread 0x000000000023a800 Exception <a 'sun/nio/fs/WindowsException'{0x00000000890b7fb8}> (0x00000000890b7fb8) 
thrown [./open/src/hotspot/share/prims/jni.cpp, line 599]
Event: 1.198 Thread 0x000000000023a800 Exception <a 'sun/nio/fs/WindowsException'{0x00000000890b82b8}> (0x00000000890b82b8) 
thrown [./open/src/hotspot/share/prims/jni.cpp, line 599]
Event: 1.198 Thread 0x000000000023a800 Exception <a 'sun/nio/fs/WindowsException'{0x00000000890b8a00}> (0x00000000890b8a00) 
thrown [./open/src/hotspot/share/prims/jni.cpp, line 599]
Event: 1.198 Thread 0x000000000023a800 Exception <a 'sun/nio/fs/WindowsException'{0x00000000890b8cd0}> (0x00000000890b8cd0) 
thrown [./open/src/hotspot/share/prims/jni.cpp, line 599]
Event: 1.198 Thread 0x000000000023a800 Exception <a 'sun/nio/fs/WindowsException'{0x00000000890b9410}> (0x00000000890b9410) 
thrown [./open/src/hotspot/share/prims/jni.cpp, line 599]
Event: 1.198 Thread 0x000000000023a800 Exception <a 'sun/nio/fs/WindowsException'{0x00000000890b96d8}> (0x00000000890b96d8) 
thrown [./open/src/hotspot/share/prims/jni.cpp, line 599]
Event: 1.198 Thread 0x000000000023a800 Exception <a 'sun/nio/fs/WindowsException'{0x00000000890b9db8}> (0x00000000890b9db8) 
thrown [./open/src/hotspot/share/prims/jni.cpp, line 599]
Event: 28.184 Thread 0x00000000234e2800 Implicit null exception at 0x0000000012b2b345 to 0x0000000012b2b4f8

Events (20 events):
Event: 28.956 Executing VM operation: HandshakeOneThread
Event: 28.956 Executing VM operation: HandshakeOneThread done
Event: 28.957 loading class jdk/internal/misc/Signal$1
Event: 28.957 loading class jdk/internal/misc/Signal$1 done
Event: 28.958 Thread 0x00000000237e1000 Thread added: 0x00000000237e1000
Event: 28.958 Executing VM operation: HandshakeOneThread
Event: 28.958 Executing VM operation: HandshakeOneThread done
Event: 28.959 Executing VM operation: HandshakeOneThread
Event: 28.959 Executing VM operation: HandshakeOneThread done
Event: 28.959 Thread 0x000000002500d800 Thread added: 0x000000002500d800
Event: 28.961 Executing VM operation: HandshakeOneThread
Event: 28.961 Executing VM operation: HandshakeOneThread done
Event: 28.961 Executing VM operation: HandshakeOneThread
Event: 28.961 Executing VM operation: HandshakeOneThread done
Event: 28.961 Executing VM operation: HandshakeOneThread
Event: 28.961 Executing VM operation: HandshakeOneThread done
Event: 28.961 Executing VM operation: HandshakeOneThread
Event: 28.961 Executing VM operation: HandshakeOneThread done
Event: 28.961 Thread 0x000000002500d800 Thread exited: 0x000000002500d800
Event: 28.964 Executing VM operation: Exit


Dynamic libraries:
0x000000013f0c0000 - 0x000000013f0cf000 	C:\Program Files\Java\jdk-14.0.1\bin\java.exe
0x0000000077bc0000 - 0x0000000077d5f000 	C:\Windows\SYSTEM32\ntdll.dll
0x00000000779a0000 - 0x0000000077abf000 	C:\Windows\system32\kernel32.dll
0x000007fefda60000 - 0x000007fefdaca000 	C:\Windows\system32\KERNELBASE.dll
0x000007feec850000 - 0x000007feec868000 	C:\Program Files\Java\jdk-14.0.1\bin\jli.dll
0x000007fefdbb0000 - 0x000007fefdc8b000 	C:\Windows\system32\ADVAPI32.dll
0x000007feffaa0000 - 0x000007feffb3f000 	C:\Windows\system32\msvcrt.dll
0x000007feffb90000 - 0x000007feffbaf000 	C:\Windows\SYSTEM32\sechost.dll
0x000007feff840000 - 0x000007feff96d000 	C:\Windows\system32\RPCRT4.dll
0x000007fefbee0000 - 0x000007fefc0d4000 	C:\Windows\WinSxS\amd64_microsoft.windows.common-controls_6595b64144ccf1df_6.0.7601.18837_none_fa3b1e3d17594757\COMCTL32.dll
0x000007fefdc90000 - 0x000007fefdcf7000 	C:\Windows\system32\GDI32.dll
0x0000000077ac0000 - 0x0000000077bba000 	C:\Windows\system32\USER32.dll
0x000007feffa90000 - 0x000007feffa9e000 	C:\Windows\system32\LPK.dll
0x000007feff200000 - 0x000007feff2cb000 	C:\Windows\system32\USP10.dll
0x000007fefdee0000 - 0x000007fefdf51000 	C:\Windows\system32\SHLWAPI.dll
0x000007fefd660000 - 0x000007fefd66c000 	C:\Windows\system32\VERSION.dll
0x000007feec830000 - 0x000007feec845000 	C:\Program Files\Java\jdk-14.0.1\bin\VCRUNTIME140.dll
0x000007fef0500000 - 0x000007fef0504000 	C:\Program Files\Java\jdk-14.0.1\bin\api-ms-win-crt-runtime-l1-1-0.dll
0x000007feec730000 - 0x000007feec82c000 	C:\Program Files\Java\jdk-14.0.1\bin\ucrtbase.DLL
0x000007feec720000 - 0x000007feec723000 	C:\Program Files\Java\jdk-14.0.1\bin\api-ms-win-core-localization-l1-2-0.dll
0x000007feec710000 - 0x000007feec713000 	C:\Program Files\Java\jdk-14.0.1\bin\api-ms-win-core-processthreads-l1-1-1.dll
0x000007feec700000 - 0x000007feec703000 	C:\Program Files\Java\jdk-14.0.1\bin\api-ms-win-core-file-l1-2-0.dll
0x000007feec6f0000 - 0x000007feec6f3000 	C:\Program Files\Java\jdk-14.0.1\bin\api-ms-win-core-timezone-l1-1-0.dll
0x000007feec6e0000 - 0x000007feec6e3000 	C:\Program Files\Java\jdk-14.0.1\bin\api-ms-win-core-file-l2-1-0.dll
0x000007feec6d0000 - 0x000007feec6d3000 	C:\Program Files\Java\jdk-14.0.1\bin\api-ms-win-core-synch-l1-2-0.dll
0x000007feec6c0000 - 0x000007feec6c3000 	C:\Program Files\Java\jdk-14.0.1\bin\api-ms-win-crt-heap-l1-1-0.dll
0x000007feec6b0000 - 0x000007feec6b4000 	C:\Program Files\Java\jdk-14.0.1\bin\api-ms-win-crt-string-l1-1-0.dll
0x000007feec660000 - 0x000007feec664000 	C:\Program Files\Java\jdk-14.0.1\bin\api-ms-win-crt-stdio-l1-1-0.dll
0x000007feeac70000 - 0x000007feeac74000 	C:\Program Files\Java\jdk-14.0.1\bin\api-ms-win-crt-convert-l1-1-0.dll
0x000007feeac60000 - 0x000007feeac63000 	C:\Program Files\Java\jdk-14.0.1\bin\api-ms-win-crt-environment-l1-1-0.dll
0x000007feeac50000 - 0x000007feeac53000 	C:\Program Files\Java\jdk-14.0.1\bin\api-ms-win-crt-filesystem-l1-1-0.dll
0x000007feeaba0000 - 0x000007feeaba5000 	C:\Program Files\Java\jdk-14.0.1\bin\api-ms-win-crt-math-l1-1-0.dll
0x000007feeab90000 - 0x000007feeab93000 	C:\Program Files\Java\jdk-14.0.1\bin\api-ms-win-crt-locale-l1-1-0.dll
0x000007fefe1d0000 - 0x000007fefe1fe000 	C:\Windows\system32\IMM32.DLL
0x000007feff2d0000 - 0x000007feff3d9000 	C:\Windows\system32\MSCTF.dll
0x000007fefd670000 - 0x000007fefd6a0000 	C:\Windows\system32\nvinitx.dll
0x0000000073fc0000 - 0x0000000073fc6000 	C:\Program Files\NVIDIA Corporation\CoProcManager\detoured.dll
0x000007fefad80000 - 0x000007fefadb8000 	C:\Program Files\NVIDIA Corporation\CoProcManager\nvd3d9wrapx.dll
0x000007fefdd00000 - 0x000007fefded7000 	C:\Windows\system32\SETUPAPI.dll
0x000007fefda10000 - 0x000007fefda46000 	C:\Windows\system32\CFGMGR32.dll
0x000007feff120000 - 0x000007feff1fa000 	C:\Windows\system32\OLEAUT32.dll
0x000007fefdf60000 - 0x000007fefe15d000 	C:\Windows\system32\ole32.dll
0x000007fefd7d0000 - 0x000007fefd7ea000 	C:\Windows\system32\DEVOBJ.dll
0x000007fefad50000 - 0x000007fefad74000 	C:\Program Files\NVIDIA Corporation\CoProcManager\nvdxgiwrapx.dll
0x000007fecec80000 - 0x000007feced1b000 	C:\Program Files\Java\jdk-14.0.1\bin\msvcp140.dll
0x000007feeab80000 - 0x000007feeab83000 	C:\Program Files\Java\jdk-14.0.1\bin\api-ms-win-crt-time-l1-1-0.dll
0x000007feeab70000 - 0x000007feeab73000 	C:\Program Files\Java\jdk-14.0.1\bin\api-ms-win-crt-utility-l1-1-0.dll
0x000007fecaef0000 - 0x000007fecba0e000 	C:\Program Files\Java\jdk-14.0.1\bin\server\jvm.dll
0x000007feefa30000 - 0x000007feefa39000 	C:\Windows\system32\WSOCK32.dll
0x000007feffb40000 - 0x000007feffb8d000 	C:\Windows\system32\WS2_32.dll
0x000007fefe160000 - 0x000007fefe168000 	C:\Windows\system32\NSI.dll
0x000007fefa370000 - 0x000007fefa3ab000 	C:\Windows\system32\WINMM.dll
0x0000000077d60000 - 0x0000000077d67000 	C:\Windows\system32\PSAPI.DLL
0x000007feeab60000 - 0x000007feeab6a000 	C:\Program Files\Java\jdk-14.0.1\bin\jimage.dll
0x000007fef0cb0000 - 0x000007fef0dd5000 	C:\Windows\system32\DBGHELP.DLL
0x000007feccee0000 - 0x000007feccf18000 	C:\Program Files\Java\jdk-14.0.1\bin\jdwp.dll
0x000007feeab30000 - 0x000007feeab55000 	C:\Program Files\Java\jdk-14.0.1\bin\java.dll
0x000007feea930000 - 0x000007feea946000 	C:\Program Files\Java\jdk-14.0.1\bin\zip.dll
0x000007fefe390000 - 0x000007feff11b000 	C:\Windows\system32\SHELL32.dll
0x000007fefd740000 - 0x000007fefd74f000 	C:\Windows\system32\profapi.dll
0x000007fecf040000 - 0x000007fecf04b000 	C:\Program Files\Java\jdk-14.0.1\bin\dt_socket.dll
0x000007fefadd0000 - 0x000007fefadf7000 	C:\Windows\system32\IPHLPAPI.DLL
0x000007fefadc0000 - 0x000007fefadcb000 	C:\Windows\system32\WINNSI.DLL
0x000007fefcec0000 - 0x000007fefcf15000 	C:\Windows\system32\mswsock.dll
0x000007fefc630000 - 0x000007fefc637000 	C:\Windows\System32\wshtcpip.dll
0x000007feea6f0000 - 0x000007feea709000 	C:\Program Files\Java\jdk-14.0.1\bin\net.dll
0x000007fef4540000 - 0x000007fef45b1000 	C:\Windows\system32\WINHTTP.dll
0x000007fef44d0000 - 0x000007fef4535000 	C:\Windows\system32\webio.dll
0x000007fefceb0000 - 0x000007fefceb7000 	C:\Windows\System32\wship6.dll
0x000007fee7aa0000 - 0x000007fee7ab2000 	C:\Program Files\Java\jdk-14.0.1\bin\nio.dll
0x000007fefcf20000 - 0x000007fefcf38000 	C:\Windows\system32\CRYPTSP.dll
0x000007fefcc20000 - 0x000007fefcc67000 	C:\Windows\system32\rsaenh.dll
0x000007fefdad0000 - 0x000007fefdaee000 	C:\Windows\system32\USERENV.dll
0x000007fefd590000 - 0x000007fefd59f000 	C:\Windows\system32\CRYPTBASE.dll
0x000007fef6340000 - 0x000007fef6358000 	C:\Windows\system32\dhcpcsvc.DLL
0x000007fef6320000 - 0x000007fef6331000 	C:\Windows\system32\dhcpcsvc6.DLL
0x000007fec73a0000 - 0x000007feca3a1000 	C:\Users\Owner\AppData\Local\Temp\opencv_openpnp8308442681559619915\nu\pattern\opencv\windows\x86_64\opencv_java430.dll
0x000007fef3a30000 - 0x000007fef3a9d000 	C:\Windows\system32\MFPlat.DLL
0x000007fefbac0000 - 0x000007fefbac9000 	C:\Windows\system32\AVRT.dll
0x000007feef240000 - 0x000007feef631000 	C:\Windows\system32\MF.dll
0x000007fefb9f0000 - 0x000007fefba09000 	C:\Windows\system32\ATL.DLL
0x0000000071d70000 - 0x0000000071d76000 	C:\Windows\system32\ksuser.dll
0x000007fef02b0000 - 0x000007fef02f2000 	C:\Windows\system32\MFReadWrite.dll
0x000007fecce50000 - 0x000007fecced7000 	C:\Windows\system32\OpenCL.dll
0x000007feccaf0000 - 0x000007feccb50000 	C:\Windows\system32\IntelOpenCL64.dll
0x000007fecc920000 - 0x000007feccae2000 	C:\Program Files (x86)\Common Files\Intel\OpenCL\bin\x64\intelocl64.dll
0x000007fecc880000 - 0x000007fecc91d000 	C:\Program Files (x86)\Common Files\Intel\OpenCL\bin\x64\task_executor64.dll
0x000007feea080000 - 0x000007feea19d000 	C:\Windows\system32\OPENGL32.dll
0x000007feea5d0000 - 0x000007feea5fd000 	C:\Windows\system32\GLU32.dll
0x000007fee9f00000 - 0x000007fee9ff1000 	C:\Windows\system32\DDRAW.dll
0x000007feea5c0000 - 0x000007feea5c8000 	C:\Windows\system32\DCIMAN32.dll
0x000007fefba10000 - 0x000007fefba28000 	C:\Windows\system32\dwmapi.dll
0x000007fecc7a0000 - 0x000007fecc878000 	C:\Program Files (x86)\Common Files\Intel\OpenCL\bin\x64\cpu_device64.dll
0x000007fecc2d0000 - 0x000007fecc791000 	C:\Windows\system32\igdrcl64.dll
0x000007fef9b80000 - 0x000007fef9bdd000 	C:\Windows\system32\dxgi.dll
0x000007fefd750000 - 0x000007fefd78b000 	C:\Windows\system32\WINTRUST.dll
0x000007fefd800000 - 0x000007fefd96d000 	C:\Windows\system32\CRYPT32.dll
0x000007fefd730000 - 0x000007fefd73f000 	C:\Windows\system32\MSASN1.dll
0x000007fecc0a0000 - 0x000007fecc0e3000 	C:\Windows\system32\igdfcl64.dll
0x000007feca970000 - 0x000007fecaee6000 	C:\Windows\system32\igdmcl64.dll
0x000007fecc030000 - 0x000007fecc09d000 	C:\Windows\system32\igdbcl64.dll
0x000007fef7730000 - 0x000007fef816f000 	C:\Windows\system32\igdusc64.dll
0x000007fec5250000 - 0x000007fec7399000 	C:\Windows\system32\nvopencl.dll
0x000007feca850000 - 0x000007feca970000 	C:\Windows\system32\nvfatbinaryLoader.dll
0x000007fefa3b0000 - 0x000007fefa84d000 	C:\Windows\system32\nvapi64.dll
0x000007fefb990000 - 0x000007fefb9e6000 	C:\Windows\system32\uxtheme.dll

dbghelp: loaded successfully - version: 4.0.5 - missing functions: none
symbol engine: initialized successfully - sym options: 0x614 - pdb path: .;C:\Program Files\Java\jdk-14.0.1\bin;C:\Windows\SYSTEM32;C:\Windows\WinSxS\amd64_microsoft.windows.common-controls_6595b64144ccf1df_6.0.7601.18837_none_fa3b1e3d17594757;C:\Program Files\NVIDIA Corporation\CoProcManager;C:\Program Files\Java\jdk-14.0.1\bin\server;C:\Users\Owner\AppData\Local\Temp\opencv_openpnp8308442681559619915\nu\pattern\opencv\windows\x86_64;C:\Program Files (x86)\Common Files\Intel\OpenCL\bin\x64

VM Arguments:
jvm_args: -agentlib:jdwp=transport=dt_socket,address=127.0.0.1:10718,suspend=y,server=n -Dfile.encoding=UTF-8 
java_command: Main
java_class_path (initial): G:\Polikek\summerPractice\bodyCheck\target\classes;C:\Users\Owner\.m2\repository\org\openpnp\opencv\4.3.0-0\opencv-4.3.0-0.jar;G:\libraries\opencv\build\java\opencv-430.jar;C:\Program Files\JetBrains\IntelliJ IDEA 2019.2.3\lib\idea_rt.jar
Launcher Type: SUN_STANDARD

[Global flags]
     intx CICompilerCount                          = 3                                         {product} {ergonomic}
     uint ConcGCThreads                            = 1                                         {product} {ergonomic}
     uint G1ConcRefinementThreads                  = 4                                         {product} {ergonomic}
   size_t G1HeapRegionSize                         = 1048576                                   {product} {ergonomic}
    uintx GCDrainStackTargetSize                   = 64                                        {product} {ergonomic}
   size_t InitialHeapSize                          = 134217728                                 {product} {ergonomic}
   size_t MarkStackSize                            = 4194304                                   {product} {ergonomic}
   size_t MaxHeapSize                              = 2126512128                                {product} {ergonomic}
   size_t MaxNewSize                               = 1275068416                                {product} {ergonomic}
   size_t MinHeapDeltaBytes                        = 1048576                                   {product} {ergonomic}
   size_t MinHeapSize                              = 8388608                                   {product} {ergonomic}
    uintx NonNMethodCodeHeapSize                   = 5832780                                {pd product} {ergonomic}
    uintx NonProfiledCodeHeapSize                  = 122912730                              {pd product} {ergonomic}
    uintx ProfiledCodeHeapSize                     = 122912730                              {pd product} {ergonomic}
    uintx ReservedCodeCacheSize                    = 251658240                              {pd product} {ergonomic}
     bool SegmentedCodeCache                       = true                                      {product} {ergonomic}
   size_t SoftMaxHeapSize                          = 2126512128                             {manageable} {ergonomic}
     bool UseCompressedClassPointers               = true                                 {lp64_product} {ergonomic}
     bool UseCompressedOops                        = true                                 {lp64_product} {ergonomic}
     bool UseG1GC                                  = true                                      {product} {ergonomic}
     bool UseLargePagesIndividualAllocation        = false                                  {pd product} {ergonomic}

Logging:
Log output configuration:
 #0: 
[error occurred during error reporting (printing log configuration), id 0xc0000005, EXCEPTION_ACCESS_VIOLATION (0xc0000005) at pc=0x000007fecb3e52b3]

Environment Variables:
PATH=C:\Program Files (x86)\PC Connectivity Solution\;C:\Program Files (x86)\Common Files\Oracle\Java\javapath;C:\Windows\system32;C:\Windows;C:\Windows\System32\Wbem;C:\Windows\System32\WindowsPowerShell\v1.0\;C:\Program Files (x86)\NVIDIA Corporation\PhysX\Common;C:\Program Files\Microsoft SQL Server\130\Tools\Binn\;C:\FPC\3.0.4\bin\i386-Win32;C:\Program Files\Git\cmd;E:\Program_Files_Windows_7\MATLAB\R2020a\bin;C:\Users\Owner\AppData\Local\Programs\Python\Python38\Scripts\;C:\Users\Owner\AppData\Local\Programs\Python\Python38\;C:\Program Files (x86)\mingw-w64\i686-8.1.0-posix-dwarf-rt_v6-rev0\mingw32\bin\g++.exe;C:\Program Files\JetBrains\WebStorm 2019.1.3\bin;
USERNAME=Owner
OS=Windows_NT
PROCESSOR_IDENTIFIER=Intel64 Family 6 Model 61 Stepping 4, GenuineIntel



---------------  S Y S T E M  ---------------

OS: Windows 7 , 64 bit Build 7601 (6.1.7601.24214)
OS uptime: 3 days 10:36 hours

CPU:total 4 (initial active 4) (2 cores per cpu, 2 threads per core) family 6 model 61 stepping 4, cmov, cx8, fxsr, mmx, sse, sse2, sse3, ssse3, sse4.1, sse4.2, popcnt, avx, avx2, aes, clmul, erms, 3dnowpref, lzcnt, ht, tsc, tscinvbit, bmi1, bmi2, adx, fma

Memory: 4k page, system-wide physical 8111M (667M free)
TotalPageFile size 16221M (AvailPageFile size 6086M)
current process WorkingSet (physical memory assigned to process): 149M, peak: 164M
current process commit charge ("private bytes"): 362M, peak: 386M

vm_info: Java HotSpot(TM) 64-Bit Server VM (14.0.1+7) for windows-amd64 JRE (14.0.1+7), built on Mar  5 2020 10:30:14 by "mach5one" with MS VC++ 15.9 (VS2017)

END.
